UART: Peripheral bus: 20000000 Hz, baud rate: 9600
******************************************************************************
******************************************************************************
******************************************************************************
*                                                                            *
*       Sep  2 2013                                                          *
*       20:34:27                                                             *
*                                                                            *
******************************************************************************
******************************************************************************
*                                                                            *
*       Default state                                                        *
*                                                                            *
******************************************************************************
sort_working_in_ram                                              0     1605022
sum_using_for_loop_working_in_ram_using_ram_data                 0       69021
sum_using_for_loop_working_in_ram_using_flash_data               0      117021
sum_using_flat_sequence_working_in_ram_using_ram_data            0         431
sum_using_flat_sequence_working_in_ram_using_flash_data          0      114354
sort_working_in_flash                                            0     5812052
sum_using_for_loop_working_in_flash_using_ram_data               0      276048
sum_using_for_loop_working_in_flash_using_flash_data             0      340048
sum_using_flat_sequence_working_in_flash_using_ram_data          0        1684
sum_using_flat_sequence_working_in_flash_using_flash_data        0      300612
******************************************************************************
*                                                                            *
*       Prefetch enabled, cache disabled                                     *
*                                                                            *
******************************************************************************
sort_working_in_ram                                              1     1605014
sum_using_for_loop_working_in_ram_using_ram_data                 1       69013
sum_using_for_loop_working_in_ram_using_flash_data               1      117013
sum_using_flat_sequence_working_in_ram_using_ram_data            1         422
sum_using_flat_sequence_working_in_ram_using_flash_data          1      114345
sort_working_in_flash                                            1     2492025
sum_using_for_loop_working_in_flash_using_ram_data               1      140524
sum_using_for_loop_working_in_flash_using_flash_data             1      269524
sum_using_flat_sequence_working_in_flash_using_ram_data          1        1132
sum_using_flat_sequence_working_in_flash_using_flash_data        1      194728
******************************************************************************
*                                                                            *
*       Prefetch disabled, cache enabled                                     *
*                                                                            *
******************************************************************************
sort_working_in_ram                                              2     1605015
sum_using_for_loop_working_in_ram_using_ram_data                 2       69014
sum_using_for_loop_working_in_ram_using_flash_data               2      117014
sum_using_flat_sequence_working_in_ram_using_ram_data            2         424
sum_using_flat_sequence_working_in_ram_using_flash_data          2      114347
sort_working_in_flash                                            2     1090544
sum_using_for_loop_working_in_flash_using_ram_data               2       42527
sum_using_for_loop_working_in_flash_using_flash_data             2       98527
sum_using_flat_sequence_working_in_flash_using_ram_data          2         265
sum_using_flat_sequence_working_in_flash_using_flash_data        2      156857
******************************************************************************
*                                                                            *
*       Prefetch enabled, cache enabled                                      *
*                                                                            *
******************************************************************************
sort_working_in_ram                                              3     1605014
sum_using_for_loop_working_in_ram_using_ram_data                 3       69013
sum_using_for_loop_working_in_ram_using_flash_data               3      117013
sum_using_flat_sequence_working_in_ram_using_ram_data            3         423
sum_using_flat_sequence_working_in_ram_using_flash_data          3      114346
sort_working_in_flash                                            3     1090543
sum_using_for_loop_working_in_flash_using_ram_data               3       42524
sum_using_for_loop_working_in_flash_using_flash_data             3       98528
sum_using_flat_sequence_working_in_flash_using_ram_data          3         261
sum_using_flat_sequence_working_in_flash_using_flash_data        3      158791
******************************************************************************
*                                                                            *
*       Enable data caching                                                  *
*                                                                            *
******************************************************************************
sort_working_in_ram                                              4     1572014
sum_using_for_loop_working_in_ram_using_ram_data                 4       69013
sum_using_for_loop_working_in_ram_using_flash_data               4       84013
sum_using_flat_sequence_working_in_ram_using_ram_data            4         423
sum_using_flat_sequence_working_in_ram_using_flash_data          4       79033
sort_working_in_flash                                            4     1052043
sum_using_for_loop_working_in_flash_using_ram_data               4       42524
sum_using_for_loop_working_in_flash_using_flash_data             4       60025
sum_using_flat_sequence_working_in_flash_using_ram_data          4         265
sum_using_flat_sequence_working_in_flash_using_flash_data        4      118666
******************************************************************************
*                                                                            *
*       Set zero state data RAM access                                       *
*                                                                            *
******************************************************************************
sort_working_in_ram                                              5      984009
sum_using_for_loop_working_in_ram_using_ram_data                 5       42509
sum_using_for_loop_working_in_ram_using_flash_data               5       52009
sum_using_flat_sequence_working_in_ram_using_ram_data            5         221
sum_using_flat_sequence_working_in_ram_using_flash_data          5       60963
sort_working_in_flash                                            5      804044
sum_using_for_loop_working_in_flash_using_ram_data               5       34525
sum_using_for_loop_working_in_flash_using_flash_data             5       60025
sum_using_flat_sequence_working_in_flash_using_ram_data          5         260
sum_using_flat_sequence_working_in_flash_using_flash_data        5      113155
******************************************************************************
******************************************************************************
******************************************************************************
